<?xml version="1.0" encoding="UTF-8"?>
<!-- Generated by org.testng.reporters.JUnitReportReporter -->
<testsuite skipped="0" hostname="surya" name="com.inetbanking.testCases.TC_LoginTest_001" tests="1" failures="0" timestamp="20 Apr 2020 18:16:58 GMT" time="2.041" errors="0">
  <testcase name="loginTest" time="2.041" classname="com.inetbanking.testCases.TC_LoginTest_001"/>
</testsuite> <!-- com.inetbanking.testCases.TC_LoginTest_001 -->
