<?xml version="1.0" encoding="UTF-8"?>
<!-- Generated by org.testng.reporters.JUnitReportReporter -->
<testsuite skipped="0" hostname="surya" name="com.inetbanking.testCases.TC_AddCustomerTest_003" tests="1" failures="0" timestamp="21 Apr 2020 17:59:46 GMT" time="21.949" errors="0">
  <testcase name="addNewCustomer" time="21.949" classname="com.inetbanking.testCases.TC_AddCustomerTest_003"/>
</testsuite> <!-- com.inetbanking.testCases.TC_AddCustomerTest_003 -->
